2026-02-11 15:06:30,053 - INFO - 掃描到 0 個 XML 檔案準備處理。
2026-02-11 15:06:30,081 - INFO - 作業結束。總共匯入 0 筆歷史資料。
2026-02-11 15:09:42,314 - INFO - 掃描到 5 個 XML 檔案準備處理。
2026-02-11 15:09:42,319 - INFO - 正在處理: KEVIN_1767688368615.xml ...
2026-02-11 15:09:44,684 - ERROR -   -> 資料庫寫入失敗: (pymysql.err.OperationalError) (2003, "Can't connect to MySQL server on '127.0.0.1' ([WinError 10061] 無法連線，因為目標電腦拒絕連線。)")
(Background on this error at: https://sqlalche.me/e/20/e3q8)
2026-02-11 15:09:44,685 - INFO - 正在處理: KEVIN_1767688368537.xml ...
2026-02-11 15:09:46,764 - ERROR -   -> 資料庫寫入失敗: (pymysql.err.OperationalError) (2003, "Can't connect to MySQL server on '127.0.0.1' ([WinError 10061] 無法連線，因為目標電腦拒絕連線。)")
(Background on this error at: https://sqlalche.me/e/20/e3q8)
2026-02-11 15:09:46,766 - INFO - 正在處理: KEVIN_1767688368568.xml ...
2026-02-11 15:09:48,835 - ERROR -   -> 資料庫寫入失敗: (pymysql.err.OperationalError) (2003, "Can't connect to MySQL server on '127.0.0.1' ([WinError 10061] 無法連線，因為目標電腦拒絕連線。)")
(Background on this error at: https://sqlalche.me/e/20/e3q8)
2026-02-11 15:09:48,835 - INFO - 正在處理: KEVIN_1767688368584.xml ...
2026-02-11 15:09:50,882 - ERROR -   -> 資料庫寫入失敗: (pymysql.err.OperationalError) (2003, "Can't connect to MySQL server on '127.0.0.1' ([WinError 10061] 無法連線，因為目標電腦拒絕連線。)")
(Background on this error at: https://sqlalche.me/e/20/e3q8)
2026-02-11 15:09:50,882 - INFO - 正在處理: KEVIN_1767688368599.xml ...
2026-02-11 15:09:52,956 - ERROR -   -> 資料庫寫入失敗: (pymysql.err.OperationalError) (2003, "Can't connect to MySQL server on '127.0.0.1' ([WinError 10061] 無法連線，因為目標電腦拒絕連線。)")
(Background on this error at: https://sqlalche.me/e/20/e3q8)
2026-02-11 15:09:52,957 - INFO - 作業結束。總共匯入 0 筆歷史資料。
2026-02-11 15:10:26,771 - INFO - 掃描到 5 個 XML 檔案準備處理。
2026-02-11 15:10:26,777 - INFO - 正在處理: KEVIN_1767688368615.xml ...
2026-02-11 15:10:36,896 - ERROR -   -> 資料庫寫入失敗: (pymysql.err.OperationalError) (2003, "Can't connect to MySQL server on '35.229.200.173' (timed out)")
(Background on this error at: https://sqlalche.me/e/20/e3q8)
2026-02-11 15:10:36,899 - INFO - 正在處理: KEVIN_1767688368537.xml ...
2026-02-11 15:10:46,975 - ERROR -   -> 資料庫寫入失敗: (pymysql.err.OperationalError) (2003, "Can't connect to MySQL server on '35.229.200.173' (timed out)")
(Background on this error at: https://sqlalche.me/e/20/e3q8)
2026-02-11 15:10:46,977 - INFO - 正在處理: KEVIN_1767688368568.xml ...
2026-02-11 15:10:57,035 - ERROR -   -> 資料庫寫入失敗: (pymysql.err.OperationalError) (2003, "Can't connect to MySQL server on '35.229.200.173' (timed out)")
(Background on this error at: https://sqlalche.me/e/20/e3q8)
2026-02-11 15:10:57,035 - INFO - 正在處理: KEVIN_1767688368584.xml ...
2026-02-11 15:11:07,069 - ERROR -   -> 資料庫寫入失敗: (pymysql.err.OperationalError) (2003, "Can't connect to MySQL server on '35.229.200.173' (timed out)")
(Background on this error at: https://sqlalche.me/e/20/e3q8)
2026-02-11 15:11:07,069 - INFO - 正在處理: KEVIN_1767688368599.xml ...
2026-02-11 15:11:17,126 - ERROR -   -> 資料庫寫入失敗: (pymysql.err.OperationalError) (2003, "Can't connect to MySQL server on '35.229.200.173' (timed out)")
(Background on this error at: https://sqlalche.me/e/20/e3q8)
2026-02-11 15:11:17,127 - INFO - 作業結束。總共匯入 0 筆歷史資料。
2026-02-11 15:13:27,598 - INFO - 掃描到 5 個 XML 檔案準備處理。
2026-02-11 15:13:27,602 - INFO - 正在處理: KEVIN_1767688368615.xml ...
2026-02-11 15:13:27,684 - ERROR -   -> 資料庫寫入失敗: (pymysql.err.OperationalError) (1130, "Host '125-227-163-89.hinet-ip.hinet.net' is not allowed to connect to this MariaDB server")
(Background on this error at: https://sqlalche.me/e/20/e3q8)
2026-02-11 15:13:27,685 - INFO - 正在處理: KEVIN_1767688368537.xml ...
2026-02-11 15:13:27,725 - ERROR -   -> 資料庫寫入失敗: (pymysql.err.OperationalError) (1130, "Host '125-227-163-89.hinet-ip.hinet.net' is not allowed to connect to this MariaDB server")
(Background on this error at: https://sqlalche.me/e/20/e3q8)
2026-02-11 15:13:27,726 - INFO - 正在處理: KEVIN_1767688368568.xml ...
2026-02-11 15:13:27,759 - ERROR -   -> 資料庫寫入失敗: (pymysql.err.OperationalError) (1130, "Host '125-227-163-89.hinet-ip.hinet.net' is not allowed to connect to this MariaDB server")
(Background on this error at: https://sqlalche.me/e/20/e3q8)
2026-02-11 15:13:27,760 - INFO - 正在處理: KEVIN_1767688368584.xml ...
2026-02-11 15:13:27,799 - ERROR -   -> 資料庫寫入失敗: (pymysql.err.OperationalError) (1130, "Host '125-227-163-89.hinet-ip.hinet.net' is not allowed to connect to this MariaDB server")
(Background on this error at: https://sqlalche.me/e/20/e3q8)
2026-02-11 15:13:27,800 - INFO - 正在處理: KEVIN_1767688368599.xml ...
2026-02-11 15:13:27,834 - ERROR -   -> 資料庫寫入失敗: (pymysql.err.OperationalError) (1130, "Host '125-227-163-89.hinet-ip.hinet.net' is not allowed to connect to this MariaDB server")
(Background on this error at: https://sqlalche.me/e/20/e3q8)
2026-02-11 15:13:27,834 - INFO - 作業結束。總共匯入 0 筆歷史資料。
2026-02-11 15:14:41,675 - INFO - 掃描到 5 個 XML 檔案準備處理。
2026-02-11 15:14:41,679 - INFO - 正在處理: KEVIN_1767688368615.xml ...
2026-02-11 15:14:41,747 - ERROR -   -> 資料庫寫入失敗: (pymysql.err.OperationalError) (1130, "Host '125-227-163-89.hinet-ip.hinet.net' is not allowed to connect to this MariaDB server")
(Background on this error at: https://sqlalche.me/e/20/e3q8)
2026-02-11 15:14:41,750 - INFO - 正在處理: KEVIN_1767688368537.xml ...
2026-02-11 15:14:41,849 - ERROR -   -> 資料庫寫入失敗: (pymysql.err.OperationalError) (1130, "Host '125-227-163-89.hinet-ip.hinet.net' is not allowed to connect to this MariaDB server")
(Background on this error at: https://sqlalche.me/e/20/e3q8)
2026-02-11 15:14:41,850 - INFO - 正在處理: KEVIN_1767688368568.xml ...
2026-02-11 15:14:41,899 - ERROR -   -> 資料庫寫入失敗: (pymysql.err.OperationalError) (1130, "Host '125-227-163-89.hinet-ip.hinet.net' is not allowed to connect to this MariaDB server")
(Background on this error at: https://sqlalche.me/e/20/e3q8)
2026-02-11 15:14:41,900 - INFO - 正在處理: KEVIN_1767688368584.xml ...
2026-02-11 15:14:41,949 - ERROR -   -> 資料庫寫入失敗: (pymysql.err.OperationalError) (1130, "Host '125-227-163-89.hinet-ip.hinet.net' is not allowed to connect to this MariaDB server")
(Background on this error at: https://sqlalche.me/e/20/e3q8)
2026-02-11 15:14:41,950 - INFO - 正在處理: KEVIN_1767688368599.xml ...
2026-02-11 15:14:41,989 - ERROR -   -> 資料庫寫入失敗: (pymysql.err.OperationalError) (1130, "Host '125-227-163-89.hinet-ip.hinet.net' is not allowed to connect to this MariaDB server")
(Background on this error at: https://sqlalche.me/e/20/e3q8)
2026-02-11 15:14:41,990 - INFO - 作業結束。總共匯入 0 筆歷史資料。
2026-02-11 15:19:44,563 - INFO - 掃描到 5 個 XML 檔案準備處理。
2026-02-11 15:19:44,569 - INFO - 正在處理: KEVIN_1767688368615.xml ...
2026-02-11 15:19:44,887 - INFO -   -> 成功匯入 3 筆資料。
2026-02-11 15:19:44,919 - INFO - 正在處理: KEVIN_1767688368537.xml ...
2026-02-11 15:19:45,002 - INFO -   -> 成功匯入 2 筆資料。
2026-02-11 15:19:45,009 - INFO - 正在處理: KEVIN_1767688368568.xml ...
2026-02-11 15:19:45,074 - INFO -   -> 成功匯入 3 筆資料。
2026-02-11 15:19:45,081 - INFO - 正在處理: KEVIN_1767688368584.xml ...
2026-02-11 15:19:45,140 - INFO -   -> 成功匯入 1 筆資料。
2026-02-11 15:19:45,150 - INFO - 正在處理: KEVIN_1767688368599.xml ...
2026-02-11 15:19:45,212 - INFO -   -> 成功匯入 3 筆資料。
2026-02-11 15:19:45,218 - INFO - 作業結束。總共匯入 12 筆歷史資料。
